[15:06:39] [main/INFO]: LiteLoader 1.7.10_04 starting up...
[15:06:39] [main/INFO]: Java reports OS="linux"
[15:06:39] [main/INFO]: Enumerating class path...
[15:06:39] [main/INFO]: Class path separator=":"
[15:06:39] [main/INFO]: Class path entries=(
   classpathEntry=/home/misterio7/.technic/modpacks/the-profetas-of-zoeira/bin/modpack.jar
   classpathEntry=/home/misterio7/.technic/cache/net/minecraft/launchwrapper/1.12/launchwrapper-1.12.jar
   classpathEntry=/home/misterio7/.technic/cache/org/ow2/asm/asm-all/5.0.3/asm-all-5.0.3.jar
   classpathEntry=/home/misterio7/.technic/cache/com/typesafe/akka/akka-actor_2.11/2.3.3/akka-actor_2.11-2.3.3.jar
   classpathEntry=/home/misterio7/.technic/cache/com/typesafe/config/1.2.1/config-1.2.1.jar
   classpathEntry=/home/misterio7/.technic/cache/org/scala-lang/scala-actors-migration_2.11/1.1.0/scala-actors-migration_2.11-1.1.0.jar
   classpathEntry=/home/misterio7/.technic/cache/org/scala-lang/scala-compiler/2.11.1/scala-compiler-2.11.1.jar
   classpathEntry=/home/misterio7/.technic/cache/org/scala-lang/plugins/scala-continuations-library_2.11/1.0.2/scala-continuations-library_2.11-1.0.2.jar
   classpathEntry=/home/misterio7/.technic/cache/org/scala-lang/plugins/scala-continuations-plugin_2.11.1/1.0.2/scala-continuations-plugin_2.11.1-1.0.2.jar
   classpathEntry=/home/misterio7/.technic/cache/org/scala-lang/scala-library/2.11.1/scala-library-2.11.1.jar
   classpathEntry=/home/misterio7/.technic/cache/org/scala-lang/scala-parser-combinators_2.11/1.0.1/scala-parser-combinators_2.11-1.0.1.jar
   classpathEntry=/home/misterio7/.technic/cache/org/scala-lang/scala-reflect/2.11.1/scala-reflect-2.11.1.jar
   classpathEntry=/home/misterio7/.technic/cache/org/scala-lang/scala-swing_2.11/1.0.1/scala-swing_2.11-1.0.1.jar
   classpathEntry=/home/misterio7/.technic/cache/org/scala-lang/scala-xml_2.11/1.0.2/scala-xml_2.11-1.0.2.jar
   classpathEntry=/home/misterio7/.technic/cache/lzma/lzma/0.0.1/lzma-0.0.1.jar
   classpathEntry=/home/misterio7/.technic/cache/net/sf/jopt-simple/jopt-simple/4.5/jopt-simple-4.5.jar
   classpathEntry=/home/misterio7/.technic/cache/com/google/guava/guava/17.0/guava-17.0.jar
   classpathEntry=/home/misterio7/.technic/cache/org/apache/commons/commons-lang3/3.3.2/commons-lang3-3.3.2.jar
   classpathEntry=/home/misterio7/.technic/cache/com/mojang/realms/1.2.9/realms-1.2.9.jar
   classpathEntry=/home/misterio7/.technic/cache/org/apache/commons/commons-compress/1.8.1/commons-compress-1.8.1.jar
   classpathEntry=/home/misterio7/.technic/cache/org/apache/httpcomponents/httpclient/4.3.3/httpclient-4.3.3.jar
   classpathEntry=/home/misterio7/.technic/cache/commons-logging/commons-logging/1.1.3/commons-logging-1.1.3.jar
   classpathEntry=/home/misterio7/.technic/cache/org/apache/httpcomponents/httpcore/4.3.2/httpcore-4.3.2.jar
   classpathEntry=/home/misterio7/.technic/cache/java3d/vecmath/1.3.1/vecmath-1.3.1.jar
   classpathEntry=/home/misterio7/.technic/cache/net/sf/trove4j/trove4j/3.0.3/trove4j-3.0.3.jar
   classpathEntry=/home/misterio7/.technic/cache/com/ibm/icu/icu4j-core-mojang/51.2/icu4j-core-mojang-51.2.jar
   classpathEntry=/home/misterio7/.technic/cache/net/sf/jopt-simple/jopt-simple/4.5/jopt-simple-4.5.jar
   classpathEntry=/home/misterio7/.technic/cache/com/paulscode/codecjorbis/20101023/codecjorbis-20101023.jar
   classpathEntry=/home/misterio7/.technic/cache/com/paulscode/codecwav/20101023/codecwav-20101023.jar
   classpathEntry=/home/misterio7/.technic/cache/com/paulscode/libraryjavasound/20101123/libraryjavasound-20101123.jar
   classpathEntry=/home/misterio7/.technic/cache/com/paulscode/librarylwjglopenal/20100824/librarylwjglopenal-20100824.jar
   classpathEntry=/home/misterio7/.technic/cache/com/paulscode/soundsystem/20120107/soundsystem-20120107.jar
   classpathEntry=/home/misterio7/.technic/cache/io/netty/netty-all/4.0.10.Final/netty-all-4.0.10.Final.jar
   classpathEntry=/home/misterio7/.technic/cache/com/google/guava/guava/15.0/guava-15.0.jar
   classpathEntry=/home/misterio7/.technic/cache/org/apache/commons/commons-lang3/3.1/commons-lang3-3.1.jar
   classpathEntry=/home/misterio7/.technic/cache/commons-io/commons-io/2.4/commons-io-2.4.jar
   classpathEntry=/home/misterio7/.technic/cache/commons-codec/commons-codec/1.9/commons-codec-1.9.jar
   classpathEntry=/home/misterio7/.technic/cache/net/java/jinput/jinput/2.0.5/jinput-2.0.5.jar
   classpathEntry=/home/misterio7/.technic/cache/net/java/jutils/jutils/1.0.0/jutils-1.0.0.jar
   classpathEntry=/home/misterio7/.technic/cache/com/google/code/gson/gson/2.2.4/gson-2.2.4.jar
   classpathEntry=/home/misterio7/.technic/cache/com/mojang/authlib/1.5.13/authlib-1.5.13.jar
   classpathEntry=/home/misterio7/.technic/cache/org/apache/logging/log4j/log4j-api/2.0-beta9/log4j-api-2.0-beta9.jar
   classpathEntry=/home/misterio7/.technic/cache/org/apache/logging/log4j/log4j-core/2.0-beta9/log4j-core-2.0-beta9.jar
   classpathEntry=/home/misterio7/.technic/cache/org/lwjgl/lwjgl/lwjgl/2.9.1/lwjgl-2.9.1.jar
   classpathEntry=/home/misterio7/.technic/cache/org/lwjgl/lwjgl/lwjgl_util/2.9.1/lwjgl_util-2.9.1.jar
   classpathEntry=/home/misterio7/.technic/cache/tv/twitch/twitch/5.16/twitch-5.16.jar
   classpathEntry=/home/misterio7/.technic/modpacks/the-profetas-of-zoeira/bin/minecraft.jar
)
[15:06:39] [main/INFO]: Registering discovery module EnumeratorModuleClassPath: [<Java Class Path>]
[15:06:39] [main/INFO]: Registering discovery module EnumeratorModuleFolder: [/home/misterio7/.technic/modpacks/the-profetas-of-zoeira/mods]
[15:06:39] [main/INFO]: Registering discovery module EnumeratorModuleFolder: [/home/misterio7/.technic/modpacks/the-profetas-of-zoeira/mods/1.7.10]
[15:06:39] [main/INFO]: Adding supported mod class prefix 'LiteMod'
[15:06:39] [main/INFO]: Discovering tweaks on class path...
[15:06:39] [main/INFO]: Discovering valid mod files in folder /home/misterio7/.technic/modpacks/the-profetas-of-zoeira/mods
[15:06:39] [main/INFO]: Discovering valid mod files in folder /home/misterio7/.technic/modpacks/the-profetas-of-zoeira/mods/1.7.10
[15:06:39] [main/INFO]: Searching for tweaks in 'Waila-1.5.10_1.7.10.jar'
[15:06:39] [main/WARN]: Error parsing manifest entries in '/home/misterio7/.technic/modpacks/the-profetas-of-zoeira/mods/1.7.10/Waila-1.5.10_1.7.10.jar'
[15:06:39] [main/INFO]: Searching for tweaks in 'OpenBlocks-1.7.10-1.4.3.jar'
[15:06:39] [main/WARN]: Error parsing manifest entries in '/home/misterio7/.technic/modpacks/the-profetas-of-zoeira/mods/1.7.10/OpenBlocks-1.7.10-1.4.3.jar'
[15:06:39] [main/INFO]: Searching for tweaks in 'NEIIntegration-MC1.7.10-1.0.11.jar'
[15:06:39] [main/WARN]: Error parsing manifest entries in '/home/misterio7/.technic/modpacks/the-profetas-of-zoeira/mods/1.7.10/NEIIntegration-MC1.7.10-1.0.11.jar'
[15:06:39] [main/INFO]: Searching for tweaks in 'WailaHarvestability-mc1.7.x-1.1.2.jar'
[15:06:39] [main/WARN]: Error parsing manifest entries in '/home/misterio7/.technic/modpacks/the-profetas-of-zoeira/mods/1.7.10/WailaHarvestability-mc1.7.x-1.1.2.jar'
[15:06:39] [main/INFO]: Searching for tweaks in 'DimensionalPockets-1.7.10-0.11.2-universal.jar'
[15:06:39] [main/WARN]: Error parsing manifest entries in '/home/misterio7/.technic/modpacks/the-profetas-of-zoeira/mods/1.7.10/DimensionalPockets-1.7.10-0.11.2-universal.jar'
[15:06:39] [main/INFO]: Searching for tweaks in 'bigreactors-0.4.3A.jar'
[15:06:39] [main/WARN]: Error parsing manifest entries in '/home/misterio7/.technic/modpacks/the-profetas-of-zoeira/mods/1.7.10/bigreactors-0.4.3A.jar'
[15:06:39] [main/INFO]: Searching for tweaks in 'CustomMainMenu-MC1.8-1.6.jar'
[15:06:39] [main/WARN]: Error parsing manifest entries in '/home/misterio7/.technic/modpacks/the-profetas-of-zoeira/mods/1.7.10/CustomMainMenu-MC1.8-1.6.jar'
[15:06:39] [main/INFO]: Searching for tweaks in 'Numina-0.4.0.7-QMX.jar'
[15:06:39] [main/WARN]: Error parsing manifest entries in '/home/misterio7/.technic/modpacks/the-profetas-of-zoeira/mods/1.7.10/Numina-0.4.0.7-QMX.jar'
[15:06:39] [main/INFO]: Searching for tweaks in 'CodeChickenLib-1.7.10-1.1.3.138-universal.jar'
[15:06:39] [main/WARN]: Error parsing manifest entries in '/home/misterio7/.technic/modpacks/the-profetas-of-zoeira/mods/1.7.10/CodeChickenLib-1.7.10-1.1.3.138-universal.jar'
[15:06:39] [main/INFO]: Searching for tweaks in 'Hats-4.0.1.jar'
[15:06:39] [main/WARN]: Error parsing manifest entries in '/home/misterio7/.technic/modpacks/the-profetas-of-zoeira/mods/1.7.10/Hats-4.0.1.jar'
[15:06:39] [main/INFO]: Searching for tweaks in 'RenderPlayerAPIEnhancer-1.7.10-1.4.jar'
[15:06:39] [main/WARN]: Error parsing manifest entries in '/home/misterio7/.technic/modpacks/the-profetas-of-zoeira/mods/1.7.10/RenderPlayerAPIEnhancer-1.7.10-1.4.jar'
[15:06:39] [main/INFO]: Searching for tweaks in 'Reliquary-1.2.jar'
[15:06:39] [main/WARN]: Error parsing manifest entries in '/home/misterio7/.technic/modpacks/the-profetas-of-zoeira/mods/1.7.10/Reliquary-1.2.jar'
[15:06:39] [main/INFO]: Searching for tweaks in 'PlayerAPI-1.7.10-1.4.jar'
[15:06:39] [main/WARN]: Error parsing manifest entries in '/home/misterio7/.technic/modpacks/the-profetas-of-zoeira/mods/1.7.10/PlayerAPI-1.7.10-1.4.jar'
[15:06:39] [main/INFO]: Searching for tweaks in 'EnderStorage-1.7.10-1.4.7.36-universal.jar'
[15:06:39] [main/WARN]: Error parsing manifest entries in '/home/misterio7/.technic/modpacks/the-profetas-of-zoeira/mods/1.7.10/EnderStorage-1.7.10-1.4.7.36-universal.jar'
[15:06:39] [main/INFO]: Searching for tweaks in 'SpecialMobs-1.7.10-3.1.1.jar'
[15:06:39] [main/WARN]: Error parsing manifest entries in '/home/misterio7/.technic/modpacks/the-profetas-of-zoeira/mods/1.7.10/SpecialMobs-1.7.10-3.1.1.jar'
[15:06:39] [main/INFO]: Searching for tweaks in 'NetherOres-[1.7.10]2.3.0-12.jar'
[15:06:39] [main/WARN]: Error parsing manifest entries in '/home/misterio7/.technic/modpacks/the-profetas-of-zoeira/mods/1.7.10/NetherOres-[1.7.10]2.3.0-12.jar'
[15:06:39] [main/INFO]: Searching for tweaks in 'extrabiomesxl-1.7.10-3.16.2.jar'
[15:06:39] [main/WARN]: Error parsing manifest entries in '/home/misterio7/.technic/modpacks/the-profetas-of-zoeira/mods/1.7.10/extrabiomesxl-1.7.10-3.16.2.jar'
[15:06:39] [main/INFO]: Searching for tweaks in 'codechickencore-1.7.10-1.0.7.46-universal.jar'
[15:06:39] [main/WARN]: Error parsing manifest entries in '/home/misterio7/.technic/modpacks/the-profetas-of-zoeira/mods/1.7.10/codechickencore-1.7.10-1.0.7.46-universal.jar'
[15:06:39] [main/INFO]: Searching for tweaks in 'FoxLib-1.7.10-0.7.0.jar'
[15:06:39] [main/WARN]: Error parsing manifest entries in '/home/misterio7/.technic/modpacks/the-profetas-of-zoeira/mods/1.7.10/FoxLib-1.7.10-0.7.0.jar'
[15:06:39] [main/INFO]: Searching for tweaks in 'WR-CBE-1.7.10-1.4.1.9-universal.jar'
[15:06:39] [main/WARN]: Error parsing manifest entries in '/home/misterio7/.technic/modpacks/the-profetas-of-zoeira/mods/1.7.10/WR-CBE-1.7.10-1.4.1.9-universal.jar'
[15:06:39] [main/INFO]: Searching for tweaks in 'bowinfinityfix-1.7.10-rv0.jar'
[15:06:39] [main/WARN]: Error parsing manifest entries in '/home/misterio7/.technic/modpacks/the-profetas-of-zoeira/mods/1.7.10/bowinfinityfix-1.7.10-rv0.jar'
[15:06:39] [main/INFO]: Searching for tweaks in 'Botania r1.7-208.jar'
[15:06:39] [main/WARN]: Error parsing manifest entries in '/home/misterio7/.technic/modpacks/the-profetas-of-zoeira/mods/1.7.10/Botania r1.7-208.jar'
[15:06:39] [main/INFO]: Searching for tweaks in 'SmartMoving-1.7.10-15.6.jar'
[15:06:39] [main/WARN]: Error parsing manifest entries in '/home/misterio7/.technic/modpacks/the-profetas-of-zoeira/mods/1.7.10/SmartMoving-1.7.10-15.6.jar'
[15:06:39] [main/INFO]: Searching for tweaks in 'CoFHCore-[1.7.10]3.0.3-303.jar'
[15:06:39] [main/WARN]: Error parsing manifest entries in '/home/misterio7/.technic/modpacks/the-profetas-of-zoeira/mods/1.7.10/CoFHCore-[1.7.10]3.0.3-303.jar'
[15:06:39] [main/INFO]: Searching for tweaks in 'InventoryTweaks-1.59-dev-152.jar'
[15:06:39] [main/WARN]: Error parsing manifest entries in '/home/misterio7/.technic/modpacks/the-profetas-of-zoeira/mods/1.7.10/InventoryTweaks-1.59-dev-152.jar'
[15:06:39] [main/INFO]: Searching for tweaks in 'chickenchunks-1.7.10-1.3.4.19-universal.jar'
[15:06:39] [main/WARN]: Error parsing manifest entries in '/home/misterio7/.technic/modpacks/the-profetas-of-zoeira/mods/1.7.10/chickenchunks-1.7.10-1.3.4.19-universal.jar'
[15:06:39] [main/INFO]: Searching for tweaks in 'ThermalDynamics-[1.7.10]1.1.0-161.jar'
[15:06:39] [main/WARN]: Error parsing manifest entries in '/home/misterio7/.technic/modpacks/the-profetas-of-zoeira/mods/1.7.10/ThermalDynamics-[1.7.10]1.1.0-161.jar'
[15:06:39] [main/INFO]: Searching for tweaks in 'BattleTowers-1.7.10.jar'
[15:06:39] [main/WARN]: Error parsing manifest entries in '/home/misterio7/.technic/modpacks/the-profetas-of-zoeira/mods/1.7.10/BattleTowers-1.7.10.jar'
[15:06:39] [main/INFO]: Searching for tweaks in 'ModularPowersuits-0.11.0.7-QMX.jar'
[15:06:39] [main/WARN]: Error parsing manifest entries in '/home/misterio7/.technic/modpacks/the-profetas-of-zoeira/mods/1.7.10/ModularPowersuits-0.11.0.7-QMX.jar'
[15:06:39] [main/INFO]: Searching for tweaks in 'Mantle-1.7.10-0.3.2.jar'
[15:06:39] [main/WARN]: Error parsing manifest entries in '/home/misterio7/.technic/modpacks/the-profetas-of-zoeira/mods/1.7.10/Mantle-1.7.10-0.3.2.jar'
[15:06:39] [main/INFO]: Searching for tweaks in 'LibSandstone-1.0.0.jar'
[15:06:39] [main/WARN]: Error parsing manifest entries in '/home/misterio7/.technic/modpacks/the-profetas-of-zoeira/mods/1.7.10/LibSandstone-1.0.0.jar'
[15:06:39] [main/INFO]: Searching for tweaks in 'Baubles-1.7.10-1.0.1.10.jar'
[15:06:39] [main/WARN]: Error parsing manifest entries in '/home/misterio7/.technic/modpacks/the-profetas-of-zoeira/mods/1.7.10/Baubles-1.7.10-1.0.1.10.jar'
[15:06:39] [main/INFO]: Searching for tweaks in 'OptiFine_1.7.10_HD_C1.jar'
[15:06:39] [main/INFO]: Searching for tweaks in 'ProjectE-1.7.10-PE1.7.3.jar'
[15:06:39] [main/WARN]: Error parsing manifest entries in '/home/misterio7/.technic/modpacks/the-profetas-of-zoeira/mods/1.7.10/ProjectE-1.7.10-PE1.7.3.jar'
[15:06:39] [main/INFO]: Searching for tweaks in 'BiblioWoods-1.4.jar'
[15:06:39] [main/WARN]: Error parsing manifest entries in '/home/misterio7/.technic/modpacks/the-profetas-of-zoeira/mods/1.7.10/BiblioWoods-1.4.jar'
[15:06:39] [main/INFO]: Searching for tweaks in 'InfernalMobs-1.7.10.jar'
[15:06:39] [main/WARN]: Error parsing manifest entries in '/home/misterio7/.technic/modpacks/the-profetas-of-zoeira/mods/1.7.10/InfernalMobs-1.7.10.jar'
[15:06:39] [main/INFO]: Searching for tweaks in 'EnderTech-1.7.10-0.3.2.388.jar'
[15:06:39] [main/WARN]: Error parsing manifest entries in '/home/misterio7/.technic/modpacks/the-profetas-of-zoeira/mods/1.7.10/EnderTech-1.7.10-0.3.2.388.jar'
[15:06:39] [main/INFO]: Searching for tweaks in 'MineFactoryReloaded-[1.7.10]2.8.0-104.jar'
[15:06:39] [main/WARN]: Error parsing manifest entries in '/home/misterio7/.technic/modpacks/the-profetas-of-zoeira/mods/1.7.10/MineFactoryReloaded-[1.7.10]2.8.0-104.jar'
[15:06:39] [main/INFO]: Searching for tweaks in 'slick-util-0.0b9db0b2.jar'
[15:06:39] [main/WARN]: Error parsing manifest entries in '/home/misterio7/.technic/modpacks/the-profetas-of-zoeira/mods/1.7.10/slick-util-0.0b9db0b2.jar'
[15:06:39] [main/INFO]: Searching for tweaks in 'chisel2-2.4.1.40.jar'
[15:06:39] [main/WARN]: Error parsing manifest entries in '/home/misterio7/.technic/modpacks/the-profetas-of-zoeira/mods/1.7.10/chisel2-2.4.1.40.jar'
[15:06:39] [main/INFO]: Searching for tweaks in 'AquaTweaks-1.7.10-1.0.jar'
[15:06:39] [main/WARN]: Error parsing manifest entries in '/home/misterio7/.technic/modpacks/the-profetas-of-zoeira/mods/1.7.10/AquaTweaks-1.7.10-1.0.jar'
[15:06:39] [main/INFO]: Searching for tweaks in 'betteranvil-4.0.0.0-alpha-1.jar'
[15:06:39] [main/WARN]: Error parsing manifest entries in '/home/misterio7/.technic/modpacks/the-profetas-of-zoeira/mods/1.7.10/betteranvil-4.0.0.0-alpha-1.jar'
[15:06:39] [main/INFO]: Searching for tweaks in 'UpdateCheckerMod-1.7.10.jar'
[15:06:39] [main/WARN]: Error parsing manifest entries in '/home/misterio7/.technic/modpacks/the-profetas-of-zoeira/mods/1.7.10/UpdateCheckerMod-1.7.10.jar'
[15:06:39] [main/INFO]: Searching for tweaks in 'GlibysVC-1.7.10-0.6.1.jar'
[15:06:39] [main/WARN]: Error parsing manifest entries in '/home/misterio7/.technic/modpacks/the-profetas-of-zoeira/mods/1.7.10/GlibysVC-1.7.10-0.6.1.jar'
[15:06:39] [main/INFO]: Searching for tweaks in 'SimplyJetpacks-MC1.7.10-1.5.1.jar'
[15:06:39] [main/WARN]: Error parsing manifest entries in '/home/misterio7/.technic/modpacks/the-profetas-of-zoeira/mods/1.7.10/SimplyJetpacks-MC1.7.10-1.5.1.jar'
[15:06:39] [main/INFO]: Searching for tweaks in 'mithrilmod-1.7.2-1.6.jar'
[15:06:39] [main/WARN]: Error parsing manifest entries in '/home/misterio7/.technic/modpacks/the-profetas-of-zoeira/mods/1.7.10/mithrilmod-1.7.2-1.6.jar'
[15:06:39] [main/INFO]: Searching for tweaks in 'NotEnoughItems-1.7.10-1.0.5.111-universal.jar'
[15:06:39] [main/WARN]: Error parsing manifest entries in '/home/misterio7/.technic/modpacks/the-profetas-of-zoeira/mods/1.7.10/NotEnoughItems-1.7.10-1.0.5.111-universal.jar'
[15:06:39] [main/INFO]: Searching for tweaks in 'HatStand-4.0.0.jar'
[15:06:39] [main/WARN]: Error parsing manifest entries in '/home/misterio7/.technic/modpacks/the-profetas-of-zoeira/mods/1.7.10/HatStand-4.0.0.jar'
[15:06:39] [main/INFO]: Searching for tweaks in 'vorbis-java-core-0.8-20150201.161816-1.jar'
[15:06:39] [main/WARN]: Error parsing manifest entries in '/home/misterio7/.technic/modpacks/the-profetas-of-zoeira/mods/1.7.10/vorbis-java-core-0.8-20150201.161816-1.jar'
[15:06:39] [main/INFO]: Considering valid mod file: /home/misterio7/.technic/modpacks/the-profetas-of-zoeira/mods/1.7.10/mod_voxelMap_1.5.15_for_1.7.10.litemod
[15:06:39] [main/INFO]: Searching for tweaks in 'TConstruct-1.7.10-1.8.5.jar'
[15:06:39] [main/WARN]: Error parsing manifest entries in '/home/misterio7/.technic/modpacks/the-profetas-of-zoeira/mods/1.7.10/TConstruct-1.7.10-1.8.5.jar'
[15:06:39] [main/INFO]: Searching for tweaks in 'SolarExpansion-Basic-1.6a.jar'
[15:06:39] [main/WARN]: Error parsing manifest entries in '/home/misterio7/.technic/modpacks/the-profetas-of-zoeira/mods/1.7.10/SolarExpansion-Basic-1.6a.jar'
[15:06:39] [main/INFO]: Searching for tweaks in 'EnchantingPlus-1.7.10-3.0.2-d.jar'
[15:06:39] [main/WARN]: Error parsing manifest entries in '/home/misterio7/.technic/modpacks/the-profetas-of-zoeira/mods/1.7.10/EnchantingPlus-1.7.10-3.0.2-d.jar'
[15:06:39] [main/INFO]: Searching for tweaks in 'bibliocraft-1.10.4.jar'
[15:06:39] [main/WARN]: Error parsing manifest entries in '/home/misterio7/.technic/modpacks/the-profetas-of-zoeira/mods/1.7.10/bibliocraft-1.10.4.jar'
[15:06:39] [main/INFO]: Searching for tweaks in 'ThermalExpansion-[1.7.10]4.0.3B1-218.jar'
[15:06:39] [main/WARN]: Error parsing manifest entries in '/home/misterio7/.technic/modpacks/the-profetas-of-zoeira/mods/1.7.10/ThermalExpansion-[1.7.10]4.0.3B1-218.jar'
[15:06:39] [main/INFO]: Searching for tweaks in 'legacyjavafixer-1.0.jar'
[15:06:39] [main/INFO]: Searching for tweaks in 'Pam's HarvestCraft 1.7.10i.jar'
[15:06:39] [main/WARN]: Error parsing manifest entries in '/home/misterio7/.technic/modpacks/the-profetas-of-zoeira/mods/1.7.10/Pam's HarvestCraft 1.7.10i.jar'
[15:06:39] [main/INFO]: Searching for tweaks in 'mystcraft-1.7.10-0.12.2.00.jar'
[15:06:39] [main/WARN]: Error parsing manifest entries in '/home/misterio7/.technic/modpacks/the-profetas-of-zoeira/mods/1.7.10/mystcraft-1.7.10-0.12.2.00.jar'
[15:06:39] [main/INFO]: Searching for tweaks in 'ThermalFoundation-[1.7.10]1.2.0-102.jar'
[15:06:39] [main/WARN]: Error parsing manifest entries in '/home/misterio7/.technic/modpacks/the-profetas-of-zoeira/mods/1.7.10/ThermalFoundation-[1.7.10]1.2.0-102.jar'
[15:06:39] [main/INFO]: Searching for tweaks in 'appliedenergistics2-rv2-stable-10.jar'
[15:06:39] [main/WARN]: Error parsing manifest entries in '/home/misterio7/.technic/modpacks/the-profetas-of-zoeira/mods/1.7.10/appliedenergistics2-rv2-stable-10.jar'
[15:06:39] [main/INFO]: Searching for tweaks in 'RenderPlayerAPI-1.7.10-1.4.jar'
[15:06:39] [main/WARN]: Error parsing manifest entries in '/home/misterio7/.technic/modpacks/the-profetas-of-zoeira/mods/1.7.10/RenderPlayerAPI-1.7.10-1.4.jar'
[15:06:39] [main/INFO]: Searching for tweaks in 'ThermalSmeltery-1.7.10-1.2.1.jar'
[15:06:39] [main/WARN]: Error parsing manifest entries in '/home/misterio7/.technic/modpacks/the-profetas-of-zoeira/mods/1.7.10/ThermalSmeltery-1.7.10-1.2.1.jar'
[15:06:39] [main/INFO]: Searching for tweaks in 'OpenModsLib-1.7.10-0.7.3.jar'
[15:06:39] [main/WARN]: Error parsing manifest entries in '/home/misterio7/.technic/modpacks/the-profetas-of-zoeira/mods/1.7.10/OpenModsLib-1.7.10-0.7.3.jar'
[15:06:39] [main/INFO]: Searching for tweaks in 'DynamicLights-1.7.10.jar'
[15:06:39] [main/WARN]: Error parsing manifest entries in '/home/misterio7/.technic/modpacks/the-profetas-of-zoeira/mods/1.7.10/DynamicLights-1.7.10.jar'
[15:06:39] [main/INFO]: Searching for tweaks in 'ironchest-1.7.10-6.0.62.742-universal.jar'
[15:06:39] [main/WARN]: Error parsing manifest entries in '/home/misterio7/.technic/modpacks/the-profetas-of-zoeira/mods/1.7.10/ironchest-1.7.10-6.0.62.742-universal.jar'
[15:06:39] [main/INFO]: Searching for tweaks in 'FancyGrass-MC1.7.10-1.0.0.jar'
[15:06:39] [main/WARN]: Error parsing manifest entries in '/home/misterio7/.technic/modpacks/the-profetas-of-zoeira/mods/1.7.10/FancyGrass-MC1.7.10-1.0.0.jar'
[15:06:39] [main/INFO]: Searching for tweaks in 'liteloader-1.7.10.jar'
[15:06:39] [main/WARN]: Error parsing manifest entries in '/home/misterio7/.technic/modpacks/the-profetas-of-zoeira/mods/1.7.10/liteloader-1.7.10.jar'
[15:06:39] [main/INFO]: Searching for tweaks in 'ATG-1.7.10-0.12.0.jar'
[15:06:39] [main/WARN]: Error parsing manifest entries in '/home/misterio7/.technic/modpacks/the-profetas-of-zoeira/mods/1.7.10/ATG-1.7.10-0.12.0.jar'
[15:06:39] [main/INFO]: Searching for tweaks in 'extrautilities-1.2.8.jar'
[15:06:39] [main/WARN]: Error parsing manifest entries in '/home/misterio7/.technic/modpacks/the-profetas-of-zoeira/mods/1.7.10/extrautilities-1.2.8.jar'
[15:06:39] [main/INFO]: Searching for tweaks in 'ModularPowersuitsAddons-0.11.0.7-QMX.jar'
[15:06:39] [main/WARN]: Error parsing manifest entries in '/home/misterio7/.technic/modpacks/the-profetas-of-zoeira/mods/1.7.10/ModularPowersuitsAddons-0.11.0.7-QMX.jar'
[15:06:39] [main/INFO]: Searching for tweaks in 'OmnisCore-1.7.10 - 0.0.6-universal.jar'
[15:06:39] [main/WARN]: Error parsing manifest entries in '/home/misterio7/.technic/modpacks/the-profetas-of-zoeira/mods/1.7.10/OmnisCore-1.7.10 - 0.0.6-universal.jar'
[15:06:39] [main/INFO]: Searching for tweaks in 'compactmachines-1.7.10-1.20.jar'
[15:06:39] [main/WARN]: Error parsing manifest entries in '/home/misterio7/.technic/modpacks/the-profetas-of-zoeira/mods/1.7.10/compactmachines-1.7.10-1.20.jar'
[15:06:39] [main/INFO]: Searching for tweaks in 'iChunUtil-4.0.0.jar'
[15:06:39] [main/WARN]: Error parsing manifest entries in '/home/misterio7/.technic/modpacks/the-profetas-of-zoeira/mods/1.7.10/iChunUtil-4.0.0.jar'
[15:06:39] [main/INFO]: Searching for tweaks in 'SmartRender-1.7.10-2.1.jar'
[15:06:39] [main/WARN]: Error parsing manifest entries in '/home/misterio7/.technic/modpacks/the-profetas-of-zoeira/mods/1.7.10/SmartRender-1.7.10-2.1.jar'
[15:06:39] [main/INFO]: Searching for tweaks in 'RedstoneArsenal-[1.7.10]1.1.1-89.jar'
[15:06:39] [main/WARN]: Error parsing manifest entries in '/home/misterio7/.technic/modpacks/the-profetas-of-zoeira/mods/1.7.10/RedstoneArsenal-[1.7.10]1.1.1-89.jar'
[15:06:39] [main/INFO]: Searching for tweaks in 'ForgeMultipart-1.7.10-1.2.0.345-universal.jar'
[15:06:39] [main/WARN]: Error parsing manifest entries in '/home/misterio7/.technic/modpacks/the-profetas-of-zoeira/mods/1.7.10/ForgeMultipart-1.7.10-1.2.0.345-universal.jar'
[15:06:39] [main/INFO]: Searching for tweaks in 'Tails-1.7.10-1.3.1.jar'
[15:06:39] [main/WARN]: Error parsing manifest entries in '/home/misterio7/.technic/modpacks/the-profetas-of-zoeira/mods/1.7.10/Tails-1.7.10-1.3.1.jar'
[15:06:39] [main/INFO]: Adding newest valid mod file '/home/misterio7/.technic/modpacks/the-profetas-of-zoeira/mods/1.7.10/mod_voxelMap_1.5.15_for_1.7.10.litemod' at revision 1515.0000
[15:06:39] [main/INFO]: Mod file 'OptiFine_1.7.10_HD_C1.jar' provides tweakClass 'optifine.OptiFineForgeTweaker', adding to Launch queue with priority -1000
[15:06:39] [main/INFO]: tweakClass 'optifine.OptiFineForgeTweaker' was successfully added
[15:06:39] [main/INFO]: Mod file 'legacyjavafixer-1.0.jar' provides tweakClass 'net.minecraftforge.lex.legacyjavafixer.LegacyJavaFixer', adding to Launch queue with priority -2147483648
[15:06:39] [main/INFO]: tweakClass 'net.minecraftforge.lex.legacyjavafixer.LegacyJavaFixer' was successfully added
[15:06:39] [main/INFO]: Mod file 'liteloader-1.7.10.jar' provides tweakClass 'com.mumfrey.liteloader.launch.LiteLoaderTweaker', adding to Launch queue with priority 1000
[15:06:39] [main/INFO]: Mod file 'mod_voxelMap_1.5.15_for_1.7.10.litemod' provides classTransformer 'com.thevoxelbox.voxelmap.litemod.VoxelMapTransformer', adding to class loader
[15:06:39] [main/INFO]: classTransformer 'com.thevoxelbox.voxelmap.litemod.VoxelMapTransformer' was successfully added
[15:06:39] [main/INFO]: LiteLoader PREINIT complete
[15:06:42] [main/INFO]: Injecting onstartupcomplete[x1] in func_71384_a in Minecraft
[15:06:42] [main/INFO]: Injecting prerenderfbo[x1] in func_71411_J in Minecraft
[15:06:42] [main/INFO]: Injecting postrenderfbo[x1] in func_71411_J in Minecraft
[15:06:42] [main/INFO]: Injecting ontimerupdate[x1] in func_71411_J in Minecraft
[15:06:42] [main/INFO]: Injecting onrender[x1] in func_71411_J in Minecraft
[15:06:42] [main/INFO]: Injecting ontick[x1] in func_71411_J in Minecraft
[15:06:42] [main/INFO]: Injecting shutdown[x1] in func_71400_g in Minecraft
[15:06:42] [main/INFO]: Injecting updateframebuffersize[x1] in func_147119_ah in Minecraft
[15:06:42] [main/INFO]: Injecting newtick[x1] in func_71407_l in Minecraft
[15:06:42] [main/INFO]: Applying overlay com.mumfrey.liteloader.client.overlays.MinecraftOverlay to net.minecraft.client.Minecraft
[15:06:42] [main/INFO]: MinecraftOverlayTransformer found INIT injection point, this is good.
[15:06:42] [main/INFO]: Injecting onc00handshake[x1] in func_148833_a in C00Handshake
[15:06:42] [main/INFO]: Injecting onc00packetloginstart[x1] in func_148833_a in C00PacketLoginStart
[15:06:43] [main/INFO]: Injecting onoutboundchat[x1] in func_71165_d in EntityClientPlayerMP
[15:06:44] [main/INFO]: Injecting onc16packetclientstatus[x1] in func_148833_a in C16PacketClientStatus
[15:06:44] [main/INFO]: Injecting onrenderchat[x1] in func_73830_a in GuiIngame
[15:06:44] [main/INFO]: Injecting postrenderchat[x1] in func_73830_a in GuiIngame
[15:06:44] [main/INFO]: Injecting ons03packettimeupdate[x1] in func_148833_a in S03PacketTimeUpdate
[15:06:46] [main/INFO]: Injecting ons34packetmaps[x1] in func_148833_a in S34PacketMaps
[15:06:47] [Client thread/INFO]: Injecting onc15packetclientsettings[x1] in func_148833_a in C15PacketClientSettings
[15:06:48] [Client thread/INFO]: Injecting ons23packetblockchange[x1] in func_148833_a in S23PacketBlockChange
[15:06:48] [Client thread/INFO]: Injecting oncreateintegratedserver[x1] in <init> in IntegratedServer
[15:06:48] [Client thread/INFO]: Injecting constructchunkfrompacket[x1] in func_76607_a in Chunk
[15:06:48] [Client thread/INFO]: Injecting prerendergui[x1] in func_78480_b in EntityRenderer
[15:06:48] [Client thread/INFO]: Injecting onrenderhud[x1] in func_78480_b in EntityRenderer
[15:06:48] [Client thread/INFO]: Injecting postrenderhud[x1] in func_78480_b in EntityRenderer
[15:06:48] [Client thread/INFO]: Injecting onrenderworld[x1] in func_78471_a in EntityRenderer
[15:06:48] [Client thread/INFO]: Injecting onsetupcameratransform[x1] in func_78471_a in EntityRenderer
[15:06:48] [Client thread/INFO]: Injecting postrenderentities[x1] in func_78471_a in EntityRenderer
[15:06:48] [Client thread/INFO]: Injecting postrender[x1] in func_78471_a in EntityRenderer
[15:06:48] [Client thread/INFO]: Injecting postrender[x1] in func_78471_a in EntityRenderer
[15:06:49] [Client thread/INFO]: Injecting ons35packetupdatetileentity[x1] in func_148833_a in S35PacketUpdateTileEntity
[15:06:49] [Client thread/INFO]: Injecting renderfbo[x1] in func_147615_c in Framebuffer
[15:06:50] [Client thread/INFO]: Generating new Event Handler Proxy Class com.mumfrey.liteloader.core.event.EventProxy
[15:06:50] [Client thread/INFO]: Successfully generated event handler proxy class with 31 handlers(s) and 31 total invokations
[15:07:07] [Client thread/INFO]: Injecting ons02packetchat[x1] in func_148833_a in S02PacketChat
[15:07:07] [Client thread/INFO]: Injecting onc17packetcustompayload[x1] in func_148833_a in C17PacketCustomPayload
[15:07:08] [Client thread/INFO]: Injecting ons21packetchunkdata[x1] in func_148833_a in S21PacketChunkData
[15:07:09] [Client thread/INFO]: Injecting onc08packetplayerblockplacement[x1] in func_148833_a in C08PacketPlayerBlockPlacement
[15:07:17] [Client thread/INFO]: Injecting onc07packetplayerdigging[x1] in func_148833_a in C07PacketPlayerDigging
[15:07:20] [Client thread/INFO]: Injecting ons04packetentityequipment[x1] in func_148833_a in S04PacketEntityEquipment
[15:07:20] [Client thread/INFO]: Injecting ons0bpacketanimation[x1] in func_148833_a in S0BPacketAnimation
[15:07:20] [Client thread/INFO]: Injecting ons0dpacketcollectitem[x1] in func_148833_a in S0DPacketCollectItem
[15:07:20] [Client thread/INFO]: Injecting ons1bpacketentityattach[x1] in func_148833_a in S1BPacketEntityAttach
[15:07:20] [Client thread/INFO]: Injecting ons19packetentitystatus[x1] in func_148833_a in S19PacketEntityStatus
[15:07:20] [Client thread/INFO]: Injecting ons2cpacketspawnglobalentity[x1] in func_148833_a in S2CPacketSpawnGlobalEntity
[15:07:20] [Client thread/INFO]: Injecting ons27packetexplosion[x1] in func_148833_a in S27PacketExplosion
[15:07:20] [Client thread/INFO]: Injecting ons2bpacketchangegamestate[x1] in func_148833_a in S2BPacketChangeGameState
[15:07:20] [Client thread/INFO]: Injecting ons24packetblockaction[x1] in func_148833_a in S24PacketBlockAction
[15:07:20] [Client thread/INFO]: Injecting ons2apacketparticles[x1] in func_148833_a in S2APacketParticles
[15:07:25] [Client thread/INFO]: Injecting onc0dpacketclosewindow[x1] in func_148833_a in C0DPacketCloseWindow
[15:07:30] [Client thread/INFO]: Injecting ons0apacketusebed[x1] in func_148833_a in S0APacketUseBed
[15:07:34] [Client thread/INFO]: JInput Component Registry is initialising...
[15:07:34] [Client thread/INFO]: JInput Component Registry initialised, found 0 controller(s) 0 component(s)
[15:07:34] [Client thread/INFO]: Injecting ons3fpacketcustompayload[x1] in func_148833_a in S3FPacketCustomPayload
[15:07:34] [Client thread/INFO]: LiteLoader begin INIT...
[15:07:34] [Client thread/INFO]: Baking listener list for CoreProvider with 2 listeners
[15:07:34] [Client thread/INFO]: Injecting external mods into class path...
[15:07:34] [Client thread/INFO]: Injecting external mods into class path...
[15:07:34] [Client thread/INFO]: Discovering mods on class path...
[15:07:34] [Client thread/INFO]: Searching /home/misterio7/.technic/modpacks/the-profetas-of-zoeira/bin/modpack.jar...
[15:07:34] [Client thread/INFO]: Searching /home/misterio7/.technic/cache/net/minecraft/launchwrapper/1.12/launchwrapper-1.12.jar...
[15:07:34] [Client thread/INFO]: Searching /home/misterio7/.technic/cache/org/ow2/asm/asm-all/5.0.3/asm-all-5.0.3.jar...
[15:07:34] [Client thread/INFO]: Searching /home/misterio7/.technic/cache/com/typesafe/akka/akka-actor_2.11/2.3.3/akka-actor_2.11-2.3.3.jar...
[15:07:34] [Client thread/INFO]: Searching /home/misterio7/.technic/cache/com/typesafe/config/1.2.1/config-1.2.1.jar...
[15:07:34] [Client thread/INFO]: Searching /home/misterio7/.technic/cache/org/scala-lang/scala-actors-migration_2.11/1.1.0/scala-actors-migration_2.11-1.1.0.jar...
[15:07:34] [Client thread/INFO]: Searching /home/misterio7/.technic/cache/org/scala-lang/scala-compiler/2.11.1/scala-compiler-2.11.1.jar...
[15:07:34] [Client thread/INFO]: Searching /home/misterio7/.technic/cache/org/scala-lang/plugins/scala-continuations-library_2.11/1.0.2/scala-continuations-library_2.11-1.0.2.jar...
[15:07:34] [Client thread/INFO]: Searching /home/misterio7/.technic/cache/org/scala-lang/plugins/scala-continuations-plugin_2.11.1/1.0.2/scala-continuations-plugin_2.11.1-1.0.2.jar...
[15:07:34] [Client thread/INFO]: Searching /home/misterio7/.technic/cache/org/scala-lang/scala-library/2.11.1/scala-library-2.11.1.jar...
[15:07:34] [Client thread/INFO]: Searching /home/misterio7/.technic/cache/org/scala-lang/scala-parser-combinators_2.11/1.0.1/scala-parser-combinators_2.11-1.0.1.jar...
[15:07:34] [Client thread/INFO]: Searching /home/misterio7/.technic/cache/org/scala-lang/scala-reflect/2.11.1/scala-reflect-2.11.1.jar...
[15:07:34] [Client thread/INFO]: Searching /home/misterio7/.technic/cache/org/scala-lang/scala-swing_2.11/1.0.1/scala-swing_2.11-1.0.1.jar...
[15:07:34] [Client thread/INFO]: Searching /home/misterio7/.technic/cache/org/scala-lang/scala-xml_2.11/1.0.2/scala-xml_2.11-1.0.2.jar...
[15:07:34] [Client thread/INFO]: Searching /home/misterio7/.technic/cache/lzma/lzma/0.0.1/lzma-0.0.1.jar...
[15:07:34] [Client thread/INFO]: Searching /home/misterio7/.technic/cache/net/sf/jopt-simple/jopt-simple/4.5/jopt-simple-4.5.jar...
[15:07:34] [Client thread/INFO]: Searching /home/misterio7/.technic/cache/com/google/guava/guava/17.0/guava-17.0.jar...
[15:07:34] [Client thread/INFO]: Searching /home/misterio7/.technic/cache/org/apache/commons/commons-lang3/3.3.2/commons-lang3-3.3.2.jar...
[15:07:34] [Client thread/INFO]: Searching /home/misterio7/.technic/cache/com/mojang/realms/1.2.9/realms-1.2.9.jar...
[15:07:34] [Client thread/INFO]: Searching /home/misterio7/.technic/cache/org/apache/commons/commons-compress/1.8.1/commons-compress-1.8.1.jar...
[15:07:34] [Client thread/INFO]: Searching /home/misterio7/.technic/cache/org/apache/httpcomponents/httpclient/4.3.3/httpclient-4.3.3.jar...
[15:07:34] [Client thread/INFO]: Searching /home/misterio7/.technic/cache/commons-logging/commons-logging/1.1.3/commons-logging-1.1.3.jar...
[15:07:34] [Client thread/INFO]: Searching /home/misterio7/.technic/cache/org/apache/httpcomponents/httpcore/4.3.2/httpcore-4.3.2.jar...
[15:07:34] [Client thread/INFO]: Searching /home/misterio7/.technic/cache/java3d/vecmath/1.3.1/vecmath-1.3.1.jar...
[15:07:34] [Client thread/INFO]: Searching /home/misterio7/.technic/cache/net/sf/trove4j/trove4j/3.0.3/trove4j-3.0.3.jar...
[15:07:34] [Client thread/INFO]: Searching /home/misterio7/.technic/cache/com/ibm/icu/icu4j-core-mojang/51.2/icu4j-core-mojang-51.2.jar...
[15:07:34] [Client thread/INFO]: Searching /home/misterio7/.technic/cache/net/sf/jopt-simple/jopt-simple/4.5/jopt-simple-4.5.jar...
[15:07:34] [Client thread/INFO]: Searching /home/misterio7/.technic/cache/com/paulscode/codecjorbis/20101023/codecjorbis-20101023.jar...
[15:07:34] [Client thread/INFO]: Searching /home/misterio7/.technic/cache/com/paulscode/codecwav/20101023/codecwav-20101023.jar...
[15:07:34] [Client thread/INFO]: Searching /home/misterio7/.technic/cache/com/paulscode/libraryjavasound/20101123/libraryjavasound-20101123.jar...
[15:07:34] [Client thread/INFO]: Searching /home/misterio7/.technic/cache/com/paulscode/librarylwjglopenal/20100824/librarylwjglopenal-20100824.jar...
[15:07:34] [Client thread/INFO]: Searching /home/misterio7/.technic/cache/com/paulscode/soundsystem/20120107/soundsystem-20120107.jar...
[15:07:34] [Client thread/INFO]: Searching /home/misterio7/.technic/cache/io/netty/netty-all/4.0.10.Final/netty-all-4.0.10.Final.jar...
[15:07:34] [Client thread/INFO]: Searching /home/misterio7/.technic/cache/com/google/guava/guava/15.0/guava-15.0.jar...
[15:07:34] [Client thread/INFO]: Searching /home/misterio7/.technic/cache/org/apache/commons/commons-lang3/3.1/commons-lang3-3.1.jar...
[15:07:34] [Client thread/INFO]: Searching /home/misterio7/.technic/cache/commons-io/commons-io/2.4/commons-io-2.4.jar...
[15:07:34] [Client thread/INFO]: Searching /home/misterio7/.technic/cache/commons-codec/commons-codec/1.9/commons-codec-1.9.jar...
[15:07:34] [Client thread/INFO]: Searching /home/misterio7/.technic/cache/net/java/jinput/jinput/2.0.5/jinput-2.0.5.jar...
[15:07:34] [Client thread/INFO]: Searching /home/misterio7/.technic/cache/net/java/jutils/jutils/1.0.0/jutils-1.0.0.jar...
[15:07:34] [Client thread/INFO]: Searching /home/misterio7/.technic/cache/com/google/code/gson/gson/2.2.4/gson-2.2.4.jar...
[15:07:34] [Client thread/INFO]: Searching /home/misterio7/.technic/cache/com/mojang/authlib/1.5.13/authlib-1.5.13.jar...
[15:07:34] [Client thread/INFO]: Searching /home/misterio7/.technic/cache/org/apache/logging/log4j/log4j-api/2.0-beta9/log4j-api-2.0-beta9.jar...
[15:07:34] [Client thread/INFO]: Searching /home/misterio7/.technic/cache/org/apache/logging/log4j/log4j-core/2.0-beta9/log4j-core-2.0-beta9.jar...
[15:07:34] [Client thread/INFO]: Searching /home/misterio7/.technic/cache/org/lwjgl/lwjgl/lwjgl/2.9.1/lwjgl-2.9.1.jar...
[15:07:34] [Client thread/INFO]: Searching /home/misterio7/.technic/cache/org/lwjgl/lwjgl/lwjgl_util/2.9.1/lwjgl_util-2.9.1.jar...
[15:07:34] [Client thread/INFO]: Searching /home/misterio7/.technic/cache/tv/twitch/twitch/5.16/twitch-5.16.jar...
[15:07:34] [Client thread/INFO]: Searching /home/misterio7/.technic/modpacks/the-profetas-of-zoeira/bin/minecraft.jar...
[15:07:34] [Client thread/INFO]: Discovering mods in valid mod files...
[15:07:34] [Client thread/INFO]: Discovering mods in valid mod files...
[15:07:34] [Client thread/INFO]: Searching /home/misterio7/.technic/modpacks/the-profetas-of-zoeira/mods/1.7.10/mod_voxelMap_1.5.15_for_1.7.10.litemod...
[15:07:34] [Client thread/INFO]: Found 1 potential matches
[15:07:34] [Client thread/INFO]: Mod class discovery completed
[15:07:34] [Client thread/INFO]: LiteLoader begin POSTINIT...
[15:07:34] [Client thread/INFO]: Inhibiting sound handler reload
[15:07:34] [Client thread/INFO]: Registering interface provider com.mumfrey.liteloader.client.ClientEvents for API LiteLoader core API
[15:07:34] [Client thread/INFO]: Injecting onc01packetchatmessage[x1] in func_148833_a in C01PacketChatMessage
[15:07:34] [Client thread/INFO]: Injecting onplayerlogin[x1] in func_72377_c in ServerConfigurationManager
[15:07:34] [Client thread/INFO]: Injecting onplayerlogout[x1] in func_72367_e in ServerConfigurationManager
[15:07:34] [Client thread/INFO]: Injecting onspawnplayer[x1] in func_148545_a in ServerConfigurationManager
[15:07:34] [Client thread/INFO]: Injecting onrespawnplayer[x1] in func_72368_a in ServerConfigurationManager
[15:07:34] [Client thread/INFO]: Registering interface provider com.mumfrey.liteloader.client.PacketEventsClient for API LiteLoader core API
[15:07:34] [Client thread/INFO]: Injecting ons02packetloginsuccess[x1] in func_148833_a in S02PacketLoginSuccess
[15:07:34] [Client thread/INFO]: Injecting ons01packetjoingame[x1] in func_148833_a in S01PacketJoinGame
[15:07:34] [Client thread/INFO]: Registering interface provider com.mumfrey.liteloader.client.ClientPluginChannelsClient for API LiteLoader core API
[15:07:34] [Client thread/INFO]: Registering interface provider com.mumfrey.liteloader.core.ServerPluginChannels for API LiteLoader core API
[15:07:34] [Client thread/INFO]: Registering interface provider com.mumfrey.liteloader.messaging.MessageBus for API LiteLoader core API
[15:07:34] [Client thread/INFO]: Discovered 1 total mod(s), injected 2 tweak(s)
[15:07:34] [Client thread/INFO]: Loading mod from com.thevoxelbox.voxelmap.litemod.LiteModVoxelMap
[15:07:34] [Client thread/INFO]: Baking listener list for ModLoadObserver with 0 listeners
[15:07:34] [Client thread/INFO]: Successfully added mod VoxelMap version 1.5.14
[15:07:34] [Client thread/INFO]: Adding "/home/misterio7/.technic/modpacks/the-profetas-of-zoeira/mods/1.7.10/mod_voxelMap_1.5.15_for_1.7.10.litemod" to active resource pack set
[15:07:34] [Client thread/INFO]: Setting up "mod_voxelMap_1.5.15_for_1.7.10.litemod" as mod resource pack with identifier "VoxelMap"
[15:07:34] [Client thread/INFO]: Successfully added "/home/misterio7/.technic/modpacks/the-profetas-of-zoeira/mods/1.7.10/mod_voxelMap_1.5.15_for_1.7.10.litemod" to active resource pack set
[15:07:34] [Client thread/INFO]: Initialising mod VoxelMap version 1.5.14
[15:07:34] [Client thread/INFO]: Baking listener list for InterfaceObserver with 0 listeners
[15:07:39] [Client thread/INFO]: Injecting ons00packetkeepalive[x1] in func_148833_a in S00PacketKeepAlive
[15:07:39] [Client thread/INFO]: Injecting ons05packetspawnposition[x1] in func_148833_a in S05PacketSpawnPosition
[15:07:39] [Client thread/INFO]: Injecting ons06packetupdatehealth[x1] in func_148833_a in S06PacketUpdateHealth
[15:07:39] [Client thread/INFO]: Injecting ons07packetrespawn[x1] in func_148833_a in S07PacketRespawn
[15:07:39] [Client thread/INFO]: Injecting ons08packetplayerposlook[x1] in func_148833_a in S08PacketPlayerPosLook
[15:07:39] [Client thread/INFO]: Injecting ons09packethelditemchange[x1] in func_148833_a in S09PacketHeldItemChange
[15:07:39] [Client thread/INFO]: Injecting ons0cpacketspawnplayer[x1] in func_148833_a in S0CPacketSpawnPlayer
[15:07:39] [Client thread/INFO]: Injecting ons0epacketspawnobject[x1] in func_148833_a in S0EPacketSpawnObject
[15:07:39] [Client thread/INFO]: Injecting ons0fpacketspawnmob[x1] in func_148833_a in S0FPacketSpawnMob
[15:07:39] [Client thread/INFO]: Injecting ons10packetspawnpainting[x1] in func_148833_a in S10PacketSpawnPainting
[15:07:39] [Client thread/INFO]: Injecting ons11packetspawnexperienceorb[x1] in func_148833_a in S11PacketSpawnExperienceOrb
[15:07:39] [Client thread/INFO]: Injecting ons12packetentityvelocity[x1] in func_148833_a in S12PacketEntityVelocity
[15:07:39] [Client thread/INFO]: Injecting ons13packetdestroyentities[x1] in func_148833_a in S13PacketDestroyEntities
[15:07:39] [Client thread/INFO]: Injecting ons14packetentity[x1] in func_148833_a in S14PacketEntity
[15:07:39] [Client thread/INFO]: Injecting ons15packetentityrelmove[x1] in func_148833_a in S14PacketEntity$S15PacketEntityRelMove
[15:07:39] [Client thread/INFO]: Injecting ons16packetentitylook[x1] in func_148833_a in S14PacketEntity$S16PacketEntityLook
[15:07:39] [Client thread/INFO]: Injecting ons17packetentitylookmove[x1] in func_148833_a in S14PacketEntity$S17PacketEntityLookMove
[15:07:39] [Client thread/INFO]: Injecting ons18packetentityteleport[x1] in func_148833_a in S18PacketEntityTeleport
[15:07:39] [Client thread/INFO]: Injecting ons19packetentityheadlook[x1] in func_148833_a in S19PacketEntityHeadLook
[15:07:39] [Client thread/INFO]: Injecting ons1cpacketentitymetadata[x1] in func_148833_a in S1CPacketEntityMetadata
[15:07:39] [Client thread/INFO]: Injecting ons1dpacketentityeffect[x1] in func_148833_a in S1DPacketEntityEffect
[15:07:39] [Client thread/INFO]: Injecting ons1epacketremoveentityeffect[x1] in func_148833_a in S1EPacketRemoveEntityEffect
[15:07:39] [Client thread/INFO]: Injecting ons1fpacketsetexperience[x1] in func_148833_a in S1FPacketSetExperience
[15:07:39] [Client thread/INFO]: Injecting ons20packetentityproperties[x1] in func_148833_a in S20PacketEntityProperties
[15:07:39] [Client thread/INFO]: Injecting ons22packetmultiblockchange[x1] in func_148833_a in S22PacketMultiBlockChange
[15:07:39] [Client thread/INFO]: Injecting ons25packetblockbreakanim[x1] in func_148833_a in S25PacketBlockBreakAnim
[15:07:39] [Client thread/INFO]: Injecting ons26packetmapchunkbulk[x1] in func_148833_a in S26PacketMapChunkBulk
[15:07:39] [Client thread/INFO]: Injecting ons28packeteffect[x1] in func_148833_a in S28PacketEffect
[15:07:39] [Client thread/INFO]: Injecting ons29packetsoundeffect[x1] in func_148833_a in S29PacketSoundEffect
[15:07:39] [Client thread/INFO]: Injecting ons2dpacketopenwindow[x1] in func_148833_a in S2DPacketOpenWindow
[15:07:39] [Client thread/INFO]: Injecting ons2epacketclosewindow[x1] in func_148833_a in S2EPacketCloseWindow
[15:07:39] [Client thread/INFO]: Injecting ons2fpacketsetslot[x1] in func_148833_a in S2FPacketSetSlot
[15:07:39] [Client thread/INFO]: Injecting ons30packetwindowitems[x1] in func_148833_a in S30PacketWindowItems
[15:07:39] [Client thread/INFO]: Injecting ons31packetwindowproperty[x1] in func_148833_a in S31PacketWindowProperty
[15:07:39] [Client thread/INFO]: Injecting ons32packetconfirmtransaction[x1] in func_148833_a in S32PacketConfirmTransaction
[15:07:39] [Client thread/INFO]: Injecting ons33packetupdatesign[x1] in func_148833_a in S33PacketUpdateSign
[15:07:39] [Client thread/INFO]: Injecting ons36packetsigneditoropen[x1] in func_148833_a in S36PacketSignEditorOpen
[15:07:39] [Client thread/INFO]: Injecting ons37packetstatistics[x1] in func_148833_a in S37PacketStatistics
[15:07:39] [Client thread/INFO]: Injecting ons38packetplayerlistitem[x1] in func_148833_a in S38PacketPlayerListItem
[15:07:39] [Client thread/INFO]: Injecting ons39packetplayerabilities[x1] in func_148833_a in S39PacketPlayerAbilities
[15:07:39] [Client thread/INFO]: Injecting ons3apackettabcomplete[x1] in func_148833_a in S3APacketTabComplete
[15:07:39] [Client thread/INFO]: Injecting ons3bpacketscoreboardobjective[x1] in func_148833_a in S3BPacketScoreboardObjective
[15:07:39] [Client thread/INFO]: Injecting ons3cpacketupdatescore[x1] in func_148833_a in S3CPacketUpdateScore
[15:07:39] [Client thread/INFO]: Injecting ons3dpacketdisplayscoreboard[x1] in func_148833_a in S3DPacketDisplayScoreboard
[15:07:39] [Client thread/INFO]: Injecting ons3epacketteams[x1] in func_148833_a in S3EPacketTeams
[15:07:39] [Client thread/INFO]: Injecting ons40packetdisconnect[x1] in func_148833_a in S40PacketDisconnect
[15:07:39] [Client thread/INFO]: Injecting onc00packetkeepalive[x1] in func_148833_a in C00PacketKeepAlive
[15:07:39] [Client thread/INFO]: Injecting onc02packetuseentity[x1] in func_148833_a in C02PacketUseEntity
[15:07:39] [Client thread/INFO]: Injecting onc03packetplayer[x1] in func_148833_a in C03PacketPlayer
[15:07:39] [Client thread/INFO]: Injecting onc04packetplayerposition[x1] in func_148833_a in C03PacketPlayer$C04PacketPlayerPosition
[15:07:39] [Client thread/INFO]: Injecting onc05packetplayerlook[x1] in func_148833_a in C03PacketPlayer$C05PacketPlayerLook
[15:07:39] [Client thread/INFO]: Injecting onc06packetplayerposlook[x1] in func_148833_a in C03PacketPlayer$C06PacketPlayerPosLook
[15:07:39] [Client thread/INFO]: Injecting onc09packethelditemchange[x1] in func_148833_a in C09PacketHeldItemChange
[15:07:39] [Client thread/INFO]: Injecting onc0apacketanimation[x1] in func_148833_a in C0APacketAnimation
[15:07:39] [Client thread/INFO]: Injecting onc0bpacketentityaction[x1] in func_148833_a in C0BPacketEntityAction
[15:07:39] [Client thread/INFO]: Injecting onc0cpacketinput[x1] in func_148833_a in C0CPacketInput
[15:07:39] [Client thread/INFO]: Injecting onc0epacketclickwindow[x1] in func_148833_a in C0EPacketClickWindow
[15:07:39] [Client thread/INFO]: Injecting onc0fpacketconfirmtransaction[x1] in func_148833_a in C0FPacketConfirmTransaction
[15:07:39] [Client thread/INFO]: Injecting onc10packetcreativeinventoryaction[x1] in func_148833_a in C10PacketCreativeInventoryAction
[15:07:39] [Client thread/INFO]: Injecting onc11packetenchantitem[x1] in func_148833_a in C11PacketEnchantItem
[15:07:39] [Client thread/INFO]: Injecting onc12packetupdatesign[x1] in func_148833_a in C12PacketUpdateSign
[15:07:39] [Client thread/INFO]: Injecting onc13packetplayerabilities[x1] in func_148833_a in C13PacketPlayerAbilities
[15:07:39] [Client thread/INFO]: Injecting onc14packettabcomplete[x1] in func_148833_a in C14PacketTabComplete
[15:07:39] [Client thread/INFO]: Injecting ons00packetserverinfo[x1] in func_148833_a in S00PacketServerInfo
[15:07:39] [Client thread/INFO]: Injecting ons01packetpong[x1] in func_148833_a in S01PacketPong
[15:07:39] [Client thread/INFO]: Injecting ons00packetdisconnect[x1] in func_148833_a in S00PacketDisconnect
[15:07:39] [Client thread/INFO]: Injecting ons01packetencryptionrequest[x1] in func_148833_a in S01PacketEncryptionRequest
[15:07:39] [Client thread/INFO]: Injecting onc01packetencryptionresponse[x1] in func_148833_a in C01PacketEncryptionResponse
[15:08:12] [Client thread/INFO]: Calling late init for mod VoxelMap
[15:08:13] [Client thread/INFO]: Baking listener list for ViewportListener with 0 listeners
[15:08:13] [Client thread/INFO]: Sound handler reload inhibit removed
[15:08:13] [Client thread/INFO]: Reloading sound handler
[15:08:13] [Client thread/INFO]: Baking listener list for GameLoopListener with 0 listeners
[15:08:13] [Client thread/INFO]: Baking listener list for RenderListener with 0 listeners
[15:08:13] [Client thread/INFO]: Baking listener list for TickObserver with 3 listeners
[15:08:13] [Client thread/INFO]: Baking listener list for PostRenderObserver with 3 listeners
[15:08:13] [Client thread/INFO]: Baking listener list for Tickable with 1 listeners
[15:08:13] [Client thread/INFO]: Baking listener list for WorldObserver with 2 listeners
[15:08:13] [Client thread/INFO]: Baking listener list for FrameBufferListener with 0 listeners
[15:08:19] [Netty Client IO #0/INFO]: Generating new Event Handler Proxy Class com.mumfrey.liteloader.core.event.EventProxy$2
[15:08:19] [Netty Client IO #0/INFO]: Successfully generated event handler proxy class with 93 handlers(s) and 93 total invokations
[15:08:33] [Client thread/INFO]: Baking listener list for ServerCommandProvider with 0 listeners
[15:08:53] [Netty Client IO #1/INFO]: Baking listener list for PostLoginListener with 0 listeners
[15:08:53] [Server thread/INFO]: Baking listener list for ServerPlayerListener with 0 listeners
[15:08:53] [Client thread/INFO]: Baking listener list for PreJoinGameListener with 0 listeners
[15:08:56] [Client thread/INFO]: Baking listener list for JoinGameListener with 1 listeners
[15:08:56] [Client thread/INFO]: Baking listener list for ChatListener with 0 listeners
[15:09:05] [Client thread/INFO]: Baking listener list for PostRenderListener with 1 listeners
[15:09:05] [Client thread/INFO]: Baking listener list for HUDRenderListener with 1 listeners
[15:09:17] [Client thread/INFO]: Baking listener list for OutboundChatFilter with 0 listeners
[15:09:17] [Server thread/INFO]: Baking listener list for ServerChatFilter with 0 listeners
[15:54:42] [Client thread/INFO]: LiteLoader is shutting down, shutting down core providers and syncing configuration
[15:54:42] [Client thread/INFO]: Baking listener list for ShutdownObserver with 2 listeners
